C51 COMPILER V9.57.0.0   MAIN                                                              03/13/2020 20:02:06 PAGE 1   


C51 COMPILER V9.57.0.0, COMPILATION OF MODULE MAIN
OBJECT MODULE PLACED IN .\Objects\Main.obj
COMPILER INVOKED BY: C:\Program\Keil_v5\C51\BIN\C51.EXE ..\USER\Main.c OMF2 OPTIMIZE(8,SPEED) BROWSE INCDIR(..\..\Librar
                    -ies\Common;..\..\Libraries\Libraries;..\CODE;..\USER) DEBUG PRINT(.\Listings\Main.lst) OBJECT(.\Objects\Main.obj)

line level    source

   1          /*********************************************************************************
   2           * @File:     Main.c
   3           * @Author:   Mo
   4           * @Date         : 2020.02.21
   5           * @Describe: Main function in it 
   6           * 
   7          **********************************************************************************/     
   8          
   9          #include "Main.h"
  10          
  11          extern u8 KeyValue;     //Using to do save the key value. 
  12          
  13          extern uchar code IC_DAT[];
  14          extern uchar code IC_DAT2[];
  15          extern unsigned char code zk[];
  16          extern unsigned char code pic2[];
  17          extern unsigned char code BMP1[];
  18          extern unsigned char code BMP[];
  19          extern unsigned char code zk[];
  20          
  21          sbit k1=P3^1;    //定义P31口是k1
  22          sbit led=P2^0;   //定义P20口是led
  23          
  24          /*******************************************************************************
  25          *@brief         Main function
  26          *@param         null
  27          *@return        0
  28          *@since         v1.0
  29          *@SampleUsage:  mian
  30          *******************************************************************************/
  31          u8 Disp[]=" Pechin Science ";
  32          
  33          uchar code table[] = {
  34          0x00,0x00,0x00,0x1F,0x00,0x00,0x00,0x00,//一
  35          0x00,0x00,0x0E,0x00,0x1F,0x00,0x00,0x00,//二
  36          0x00,0x1F,0x00,0x0E,0x00,0x1F,0x00,0x00,//三
  37          0x02,0x04,0x0F,0x12,0x0F,0x0A,0x1F,0x02,//年
  38          0x0F,0x09,0x0F,0x09,0x0F,0x09,0x09,0x11,//月
  39          0x1F,0x11,0x11,0x1F,0x11,0x11,0x1F,0x00,//日
  40          0x00,0x00,0x00,0x0A,0x15,0x0A,0x04,0x00,//心型
  41          0x00,0x04,0x15,0x0E,0x1F,0x0E,0x11,0x00//坦克
  42          };
  43          uchar code table1[] = { 0x00,0x01,0x02,0x03,0x04,0x05,0x06,0x07 };  //自定义字符数据地址
  44          uchar code table2[] = "QQ:598852247";
  45          
  46          
  47          void Sys_init_all()
  48          {
  49   1              Lcd1602_Init();
  50   1      //      UsartInit();
  51   1      //      Int0Init();
  52   1      //      Timer0Init();
  53   1      //      Int1Init();
  54   1      //      Timer1Init();
C51 COMPILER V9.57.0.0   MAIN                                                              03/13/2020 20:02:06 PAGE 2   

  55   1      }
  56          
  57          
  58          void main()
  59          { 
  60   1      uint k=0;
  61   1              init_lcd();
*** WARNING C206 IN LINE 61 OF ..\USER\Main.c: 'init_lcd': missing function-prototype
  62   1              Clr_Scr();
*** WARNING C206 IN LINE 62 OF ..\USER\Main.c: 'Clr_Scr': missing function-prototype
  63   1           k=0;
  64   1            for(k=0xc0;k<0xff;k++)
  65   1              {
  66   2                       Disp(0,0,hz1);
*** ERROR C211 IN LINE 66 OF ..\USER\Main.c: call not to a function
*** ERROR C208 IN LINE 66 OF ..\USER\Main.c: 'function': too many actual parameters
  67   2                       Disp(2,0,hz2);
*** ERROR C211 IN LINE 67 OF ..\USER\Main.c: call not to a function
*** ERROR C208 IN LINE 67 OF ..\USER\Main.c: 'function': too many actual parameters
  68   2                       Disp(4,0,hz3);
*** ERROR C211 IN LINE 68 OF ..\USER\Main.c: call not to a function
*** ERROR C208 IN LINE 68 OF ..\USER\Main.c: 'function': too many actual parameters
  69   2                       Disp(6,0,hz4);
*** ERROR C211 IN LINE 69 OF ..\USER\Main.c: call not to a function
*** ERROR C208 IN LINE 69 OF ..\USER\Main.c: 'function': too many actual parameters
  70   2               LCDMcs=0; 
*** ERROR C202 IN LINE 70 OF ..\USER\Main.c: 'LCDMcs': undefined identifier
  71   2               LCDScs=0;
*** ERROR C202 IN LINE 71 OF ..\USER\Main.c: 'LCDScs': undefined identifier
  72   2                       write_com(k);
  73   2                       LCDdelay(2);
  74   2      
  75   2              }
  76   1      while(1)
  77   1          {
  78   2        
  79   2              }
  80   1      }
  81          
  82          

C51 COMPILATION COMPLETE.  2 WARNING(S),  10 ERROR(S)
