C51 COMPILER V9.57.0.0   PICTURE                                                           03/13/2020 20:02:04 PAGE 1   


C51 COMPILER V9.57.0.0, COMPILATION OF MODULE PICTURE
OBJECT MODULE PLACED IN .\Objects\picture.obj
COMPILER INVOKED BY: C:\Program\Keil_v5\C51\BIN\C51.EXE ..\..\Libraries\Common\picture.c OMF2 OPTIMIZE(8,SPEED) BROWSE I
                    -NCDIR(..\..\Libraries\Common;..\..\Libraries\Libraries;..\CODE;..\USER) DEBUG PRINT(.\Listings\picture.lst) OBJECT(.\Obj
                    -ects\picture.obj)

line level    source

   1          #include "common.h"
   2          
   3          uchar code zk[] = { 
   4          0x08,0x20,0x1c,0x10,0x1c,0x1c,0xff,0x9e,0x7f,0x1e,0x1c,0x1f,0x3e,0x1f,0x3e,0x1f, 
   5          0x77,0x1f,0x41,0x3f,0x00,0x7e,0x00,0xfe,0x83,0xfc,0x7f,0xf8,0x3f,0xf0,0x0f,0xc0, 
   6          }; 
   7          
   8          
   9          
  10          
  11          uchar code IC_DAT[]={
  12          "   guanyang    "  
  13          "    原厂直销    "
  14          "  单片机开发板  "
  15          "    MCU     "
  16          };
  17          
  18          
  19          //uchar code IC_DAT2[]={
  20          //"  床前明月光，  "                    //0x80
  21          //"  疑是地上霜，  "                    //0x90
  22          //"  举头望明月。  "                    //0x88
  23          //"  低头思故乡。  "                    //0x98
  24          //};
  25          
  26          
  27          
  28          
  29          unsigned char code pic2[]=
  30          {
  31          0x00,0x00,0x00,0x00,0x00,0x00,0x00,0x0F,0x78,0x00,0x00,0x00,0x00,0x00,0x00,0x00,
  32          0x00,0x00,0x00,0x00,0x00,0x00,0x00,0x3C,0x1E,0x00,0x00,0x00,0x00,0x00,0x00,0x00,
  33          0x00,0x00,0x00,0x00,0x00,0x00,0x00,0xF0,0x07,0x80,0x00,0x00,0x00,0x00,0x00,0x00,
  34          0x00,0x00,0x00,0x00,0x00,0x00,0x03,0xC0,0x01,0xE0,0x00,0x00,0x00,0x00,0x00,0x00,
  35          0x00,0x00,0x00,0x00,0x00,0x00,0x0F,0x00,0x00,0x78,0x00,0x00,0x00,0x00,0x00,0x00,
  36          0x00,0x00,0x00,0x00,0x00,0x00,0x3C,0x00,0x00,0x1E,0x00,0x00,0x00,0x00,0x00,0x00,
  37          0x00,0x00,0x00,0x00,0x00,0x00,0xF0,0x00,0x00,0x07,0x80,0x00,0x00,0x00,0x00,0x00,
  38          0x00,0x00,0x00,0x00,0x00,0x03,0xC0,0x00,0x00,0x01,0xC0,0x00,0x00,0x00,0x00,0x00,
  39          0x00,0x00,0x00,0x00,0x00,0x0F,0x00,0x00,0x00,0x00,0x70,0x00,0x00,0x00,0x00,0x00,
  40          0x00,0x00,0x00,0x00,0x00,0x3C,0x00,0x00,0x00,0x00,0x1C,0x00,0x00,0x00,0x00,0x00,
  41          0x00,0x00,0x00,0x00,0x00,0xF0,0x00,0x00,0x00,0x00,0x1E,0x00,0x00,0x00,0x00,0x00,
  42          0x00,0x00,0x00,0x00,0x03,0xC0,0x00,0x00,0x00,0x00,0x7E,0x00,0x00,0x00,0x00,0x00,
  43          0x00,0x00,0x00,0x00,0x0F,0x00,0x00,0x00,0x00,0x01,0xE6,0x00,0x00,0x00,0x00,0x00,
  44          0x00,0x00,0x00,0x00,0x3C,0x00,0x00,0x00,0x00,0x07,0x82,0x00,0x00,0x00,0x00,0x00,
  45          0x00,0x00,0x00,0x00,0xF0,0x00,0x00,0x00,0x00,0x1E,0x02,0x00,0x00,0x00,0x00,0x00,
  46          0x00,0x00,0x00,0x01,0xE0,0x00,0x00,0x00,0x00,0x78,0x03,0x00,0x00,0x00,0x00,0x00,
  47          0x00,0x00,0x00,0x01,0xE0,0x00,0x00,0x00,0x01,0xE0,0x03,0x00,0x00,0x00,0x00,0x00,
  48          0x00,0x00,0x00,0x01,0x78,0x00,0x00,0x00,0x07,0x80,0x01,0x00,0x00,0x00,0x00,0x00,
  49          0x00,0x00,0x00,0x03,0x1E,0x00,0x00,0x00,0x1E,0x00,0x07,0x00,0x00,0x00,0x00,0x00,
  50          0x00,0x00,0x00,0x03,0x07,0x80,0x00,0x00,0x78,0x00,0x1F,0x00,0x00,0x00,0x00,0x00,
  51          0x00,0x00,0x00,0x02,0x01,0xE0,0x00,0x01,0xE0,0x00,0x3F,0x00,0x00,0x00,0x00,0x00,
  52          0x00,0x00,0x00,0x06,0x00,0x78,0x1F,0x07,0x80,0x01,0xF1,0x80,0x00,0x00,0x00,0x00,
  53          0x00,0x00,0x00,0x0E,0x00,0x1E,0x3F,0x9E,0x00,0x03,0xF9,0x80,0x00,0x00,0x00,0x00,
C51 COMPILER V9.57.0.0   PICTURE                                                           03/13/2020 20:02:04 PAGE 2   

  54          0x00,0x00,0x00,0x0E,0x00,0x07,0xB3,0x78,0x00,0x0F,0xF9,0x80,0x00,0x00,0x00,0x00,
  55          0x00,0x00,0x00,0x0F,0x80,0x01,0xFF,0xE0,0x00,0x79,0x98,0x80,0x00,0x00,0x00,0x00,
  56          0x00,0x00,0x00,0x0F,0xE0,0x00,0x7F,0x80,0x00,0xE0,0xD8,0x80,0x00,0x00,0x00,0x00,
  57          0x00,0x00,0x00,0x0F,0xF8,0x00,0x0C,0x00,0x07,0xE0,0xF8,0x80,0x00,0x00,0x00,0x00,
  58          0x00,0x00,0x00,0x0E,0x7E,0x00,0x0C,0x00,0x1F,0xF0,0xF8,0x80,0x00,0x00,0x00,0x00,
  59          0x00,0x00,0x00,0x0E,0x1F,0x80,0x0C,0x00,0x7E,0x70,0xDC,0x80,0x00,0x00,0x00,0x00,
  60          0x00,0x00,0x00,0x0F,0x07,0xE0,0x0C,0x01,0xE3,0x70,0x5C,0xC0,0x00,0x00,0x00,0x00,
  61          0x00,0x00,0x00,0x0F,0x81,0xF8,0x0C,0x07,0x83,0x70,0x5F,0xC0,0x00,0x00,0x00,0x00,
  62          0x00,0x00,0x00,0x0D,0xE0,0x7E,0x0C,0x1F,0xC1,0xF0,0x5F,0xC0,0x00,0x00,0x00,0x00,
  63          0x00,0x00,0x00,0x0F,0x78,0x3F,0x8C,0x7F,0xC1,0xB8,0x47,0xC0,0x00,0x00,0x00,0x00,
  64          0x00,0x00,0x00,0x0F,0x1E,0x0F,0xED,0xEC,0xE1,0xB8,0xC7,0xC0,0x00,0x00,0x00,0x00,
  65          0x00,0x00,0x00,0x1F,0x07,0x83,0xFF,0xC6,0xE1,0xB9,0xC7,0xC0,0x00,0x00,0x00,0x00,
  66          0x00,0x00,0x00,0x1F,0x07,0xE0,0xFF,0xE7,0xE1,0xBF,0x07,0xC0,0x00,0x00,0x00,0x00,
  67          0x00,0x00,0x00,0x1F,0x07,0xF8,0x3F,0xE7,0xE1,0xBF,0x07,0xC0,0x00,0x00,0x00,0x00,
  68          0x00,0x00,0x00,0x1F,0x07,0x9E,0x0C,0xE6,0xE1,0x8F,0x07,0xC0,0x00,0x00,0x00,0x00,
  69          0x00,0x00,0x00,0x1F,0x07,0x87,0x8C,0xE6,0xE3,0x8F,0x83,0xC0,0x00,0x00,0x00,0x00,
  70          0x00,0x00,0x00,0x1F,0x0F,0x81,0xED,0xE6,0xE7,0x0F,0x83,0xC0,0x00,0x00,0x00,0x00,
  71          0x00,0x00,0x00,0x1F,0x07,0x00,0x7F,0xE6,0xFE,0x0F,0x83,0x40,0x00,0x00,0x00,0x00,
  72          0x00,0x00,0x00,0x1F,0x00,0x00,0x1E,0x76,0xFE,0x0F,0x83,0x40,0x00,0x00,0x00,0x00,
  73          0x00,0x00,0x00,0x1E,0x00,0x00,0x00,0x72,0x1E,0x0F,0x83,0x40,0x00,0x00,0x00,0x00,
  74          0x00,0x00,0x00,0x1E,0x00,0x00,0x00,0x7E,0x1A,0x0F,0x83,0x40,0x00,0x00,0x00,0x00,
  75          0x00,0x00,0x00,0x1E,0x00,0x00,0x00,0x7C,0x1A,0x0F,0x83,0xC0,0x00,0x00,0x00,0x00,
  76          0x00,0x00,0x00,0x0C,0x00,0x00,0x00,0x78,0x1A,0x0F,0x83,0xC0,0x00,0x00,0x00,0x00,
  77          0x00,0x00,0x00,0x00,0x00,0x00,0x00,0x78,0x1A,0x07,0x83,0xC0,0x00,0x00,0x00,0x00,
  78          0x00,0x00,0x00,0x00,0x00,0x00,0x00,0x7C,0x1E,0x07,0x80,0x00,0x00,0x00,0x00,0x00,
  79          0x00,0x00,0x00,0x00,0x00,0x00,0x00,0x7C,0x1F,0x07,0x80,0x00,0x00,0x00,0x00,0x00,
  80          0x00,0x00,0x00,0x00,0x00,0x00,0x00,0x7C,0x1F,0x07,0x80,0x00,0x00,0x00,0x00,0x00,
  81          0x00,0x00,0x00,0x00,0x00,0x00,0x00,0x7C,0x1F,0x07,0x80,0x00,0x00,0x00,0x00,0x00,
  82          0x00,0x00,0x00,0x00,0x00,0x00,0x00,0x7C,0x1F,0x07,0x00,0x00,0x00,0x00,0x00,0x00,
  83          0x00,0x00,0x00,0x00,0x00,0x00,0x00,0x7C,0x1F,0x00,0x00,0x00,0x00,0x00,0x00,0x00,
  84          0x00,0x00,0x00,0x00,0x00,0x00,0x00,0x7C,0x1F,0x00,0x00,0x00,0x00,0x00,0x00,0x00,
  85          0x00,0x00,0x00,0x00,0x00,0x00,0x00,0x3C,0x1F,0x00,0x00,0x00,0x00,0x00,0x00,0x00,
  86          0x00,0x00,0x00,0x00,0x00,0x00,0x00,0x3C,0x1F,0x00,0x00,0x00,0x00,0x00,0x00,0x00,
  87          0x00,0x00,0x00,0x00,0x00,0x00,0x00,0x34,0x0C,0x00,0x00,0x00,0x00,0x00,0x00,0x00,
  88          0x00,0x00,0x00,0x00,0x00,0x00,0x00,0x34,0x00,0x00,0x00,0x00,0x00,0x00,0x00,0x00,
  89          0x00,0x00,0x00,0x00,0x00,0x00,0x00,0x34,0x00,0x00,0x00,0x00,0x00,0x00,0x00,0x00,
  90          0x00,0x00,0x00,0x00,0x00,0x00,0x00,0x3C,0x00,0x00,0x00,0x00,0x00,0x00,0x00,0x00,
  91          0x00,0x00,0x00,0x00,0x00,0x00,0x00,0x3C,0x00,0x00,0x00,0x00,0x00,0x00,0x00,0x00,
  92          0x00,0x00,0x00,0x00,0x00,0x00,0x00,0x10,0x00,0x00,0x00,0x00,0x00,0x00,0x00,0x00,
  93          0x00,0x00,0x00,0x00,0x00,0x00,0x00,0x00,0x00,0x00,0x00,0x00,0x00,0x00,0x00,0x00,
  94          0x00,0x00,0x00,0x00,0x00,0x00,0x00,0x00,0x00,0x00,0x00,0x00,0x00,0x00,0x00,0x00,
  95          };
  96          
  97          
  98          
  99          
 100          unsigned char code BMP1[]={ 
 101          /*--  一幅图像 KISS- 正向取模，字节正序*/ 
 102          /*--  宽度x高度=128x64  --*/ 
 103          
 104          0x00,0x00,0x00,0x00,0x00,0x00,0x00,0x00,0x00,0x00,0x00,0x00,0x00,0x00,0x00,0x00, 
 105          0xFF,0xFF,0xFF,0x9F,0x00,0x00,0x0F,0x0E,0x00,0x00,0x00,0x00,0x19,0xFF,0xFF,0xFF, 
 106          0x00,0x00,0x00,0x00,0x00,0x00,0x1F,0xBF,0x80,0x00,0x00,0x00,0x00,0x00,0x00,0x00, 
 107          0x00,0x00,0x00,0x00,0x00,0x00,0x1F,0xFD,0x80,0x00,0x00,0x00,0x00,0x00,0x00,0x00, 
 108          0xFF,0xFF,0xF3,0xE0,0x00,0x00,0x1F,0xFD,0x80,0x00,0x00,0x00,0x00,0x3F,0xFF,0xFF, 
 109          0x00,0x00,0x00,0x00,0x00,0x00,0x0F,0xFA,0x00,0x00,0x00,0x00,0x01,0x80,0x00,0x00, 
 110          0x00,0x00,0x00,0x00,0x00,0x00,0x07,0xF4,0x00,0x00,0x00,0x00,0x00,0x00,0x00,0x00, 
 111          0xFF,0xFF,0xF0,0x00,0x00,0x00,0x03,0xF8,0x01,0xFF,0xFF,0xE0,0x00,0x07,0xFF,0xFF, 
 112          0x00,0x00,0x00,0x0F,0xFF,0xFC,0x00,0xF0,0x3F,0xFF,0xFF,0xFE,0x00,0x30,0x00,0x00, 
 113          0x00,0x00,0x00,0x7F,0xFF,0xFF,0x80,0x41,0xFF,0xFF,0xFF,0xFF,0xC0,0x00,0x00,0x00, 
 114          0xFF,0xFF,0x01,0xFF,0xFF,0xFF,0xF0,0x02,0x7F,0xFF,0xFF,0xFF,0xE0,0x03,0xFF,0xFF, 
 115          0x00,0x00,0x03,0xFF,0xFF,0xFF,0xF8,0x04,0x3F,0xFF,0xFF,0xFF,0xF0,0x00,0x00,0x00, 
C51 COMPILER V9.57.0.0   PICTURE                                                           03/13/2020 20:02:04 PAGE 3   

 116          0x00,0x00,0x1F,0xFF,0xFF,0xFF,0xFC,0x08,0x73,0xFF,0xFF,0xFF,0xF8,0x00,0x00,0x00, 
 117          0xFF,0xE4,0x3F,0x7F,0xFF,0xFF,0xFF,0x30,0x2F,0xFF,0xFF,0xFF,0xFE,0x00,0x7F,0xFF, 
 118          0x00,0x00,0xFE,0x9F,0xFF,0xFF,0xFF,0xB0,0x1D,0xFF,0xFF,0xFF,0x3F,0x00,0x00,0x00, 
 119          0x00,0x00,0xFF,0x7F,0xFF,0xFF,0xFF,0xC2,0x23,0x3F,0xFF,0xFE,0x1F,0x80,0x00,0x00,
 120          /*****************************************************************************/ 
 121          0xFF,0xE1,0xFF,0xFF,0xFF,0xFF,0xFC,0xC5,0x92,0xFF,0xB7,0xB8,0xC9,0x80,0x7F,0xFF, 
 122          0x00,0x03,0xFF,0xFF,0xFF,0xFF,0xFC,0x4F,0xEF,0x3F,0xC8,0x1A,0x20,0xC0,0x00,0x00, 
 123          0x00,0x03,0xFF,0xFF,0xFF,0xFF,0xF8,0x7F,0xFF,0xFF,0x75,0x86,0xF6,0xC0,0x00,0x00, 
 124          0xFF,0x03,0xEF,0x9F,0xFB,0xFF,0xF8,0x7F,0xFF,0xFF,0xFB,0xDF,0xFE,0xC0,0x7F,0xFF, 
 125          0x00,0x07,0xDE,0x7F,0xC7,0xFF,0xF0,0x7E,0x7F,0xFF,0xFF,0xFF,0xFF,0xC0,0x00,0x00, 
 126          0x00,0x07,0x1C,0xF7,0x9F,0xDF,0xF0,0x7E,0x7F,0xFF,0xFF,0xFF,0xFF,0xC0,0x00,0x00, 
 127          0xFC,0x07,0x00,0x8C,0x1F,0xBF,0xE7,0x3C,0x3F,0xFF,0xFF,0xFF,0xFF,0xC0,0x7F,0xFF, 
 128          0x00,0x07,0x00,0x08,0x1C,0x3F,0x88,0x3C,0x7F,0xFF,0xFF,0xFF,0xFF,0xC0,0x00,0x00, 
 129          0x00,0x06,0x0C,0x08,0x98,0x7F,0x80,0x0D,0x9F,0xFF,0xFF,0xFF,0xFF,0xC0,0x00,0x00, 
 130          0xFC,0x06,0x1C,0xE3,0x99,0xFF,0x00,0x0C,0x0F,0xFF,0xFF,0xFF,0xFF,0xC0,0x5F,0xFF, 
 131          0x00,0x06,0xF1,0xE3,0x83,0xFE,0x00,0x08,0x03,0xDF,0xFF,0xFF,0xFF,0xC0,0x00,0x00, 
 132          0x00,0x06,0xF1,0xF7,0xC7,0xFE,0x00,0x08,0x01,0xCF,0xFF,0xFF,0xFF,0xC0,0x00,0x00, 
 133          0xFC,0x06,0xF3,0xF7,0xC7,0xFC,0x03,0x08,0x00,0x01,0xFF,0xFF,0xFF,0xC0,0xBF,0xFF, 
 134          0x00,0x07,0xF3,0xFF,0xE7,0xF0,0x03,0x09,0x80,0x00,0xFF,0xFF,0xFF,0xC0,0x00,0x00, 
 135          0x00,0x07,0xFF,0xFF,0xFF,0xE0,0x03,0x09,0x80,0x00,0x3F,0xFF,0xFF,0x80,0x00,0x00, 
 136          0xFC,0x07,0xFF,0xFF,0xFF,0xC0,0x03,0x09,0x80,0x00,0x0F,0xFF,0xFF,0x83,0xFF,0xFF,
 137          /*****************************************************************************/ 
 138          0x00,0x07,0xFF,0xE0,0xFE,0x00,0x03,0x09,0x80,0x00,0x07,0xFF,0xFF,0x80,0x00,0x00, 
 139          0x00,0x07,0xFF,0x80,0x7C,0x00,0x07,0xB1,0x80,0x00,0x07,0x83,0xFF,0x00,0x00,0x00, 
 140          0xFF,0x07,0xFF,0x0C,0x00,0x00,0x7F,0xB3,0xC0,0x00,0x06,0x01,0xFE,0x03,0xFF,0xFF, 
 141          0x00,0x07,0xFF,0x03,0x00,0x00,0x1F,0x43,0xFC,0x00,0x06,0x38,0xFE,0x00,0x00,0x00, 
 142          0x00,0x07,0xFF,0x03,0x00,0x00,0x00,0x81,0xF0,0x00,0x04,0x40,0xF8,0x00,0x00,0x00, 
 143          0xFC,0x87,0xFF,0x00,0x00,0x00,0x00,0x80,0x00,0x00,0x04,0x40,0xF0,0x07,0xFF,0xFF, 
 144          0x00,0x07,0xFF,0x80,0x00,0x2C,0x00,0x80,0x00,0x00,0x00,0x00,0xE0,0x00,0x00,0x00, 
 145          0x00,0x07,0xFF,0x80,0x00,0x52,0x00,0x40,0x00,0x00,0x00,0x01,0xE0,0x00,0x00,0x00, 
 146          0xFF,0x83,0xFF,0xF0,0x80,0x2C,0x00,0x40,0x00,0x00,0x00,0x01,0xC0,0x7F,0xFF,0xFF, 
 147          0x00,0x03,0xFF,0xFF,0x80,0x00,0x00,0x30,0x00,0x00,0x01,0x86,0x00,0x00,0x00,0x00, 
 148          0x00,0x03,0xFF,0xFF,0x80,0x00,0x00,0x38,0x00,0x00,0x01,0xF8,0x00,0x00,0x00,0x00, 
 149          0xFF,0xA3,0xFF,0xFF,0x80,0x00,0x00,0x44,0x00,0x00,0x01,0xFF,0x00,0x7F,0xFF,0xFF, 
 150          0x00,0x03,0xFF,0xFF,0x80,0x00,0x03,0x82,0x00,0x00,0x01,0xC0,0xC0,0x00,0x00,0x00, 
 151          0x00,0x03,0xFF,0xFF,0x80,0x00,0x1C,0x01,0xC0,0x00,0x00,0x78,0xC0,0x00,0x00,0x00, 
 152          0xFF,0x81,0xFF,0xFF,0xC0,0x3F,0xE0,0x00,0x3C,0x00,0x07,0x80,0x20,0x7F,0xFF,0xFF, 
 153          0x00,0x01,0xFF,0xFF,0xE0,0x40,0x00,0x00,0x03,0xFE,0x78,0x00,0x20,0x00,0x00,0x00,
 154          /*****************************************************************************/
 155          0x00,0x01,0xFF,0xFF,0xF8,0x40,0x00,0x00,0x00,0x21,0x80,0x00,0x10,0x00,0x00,0x00, 
 156          0xFF,0xC1,0xFF,0xFF,0xFC,0x40,0x00,0x00,0x00,0x2E,0x00,0x00,0x10,0x4F,0xFF,0xFF, 
 157          0x00,0x01,0xFF,0xFF,0xFE,0x20,0x00,0x00,0x00,0x30,0x00,0x00,0x30,0x00,0x00,0x00, 
 158          0x00,0x00,0xFF,0xFF,0xFF,0xA0,0x00,0x00,0x00,0xC0,0x00,0x01,0xF8,0x00,0x00,0x00, 
 159          0xFF,0xE0,0xFF,0xFF,0xFB,0xE0,0x00,0x00,0x00,0xC0,0x00,0x03,0xFE,0x07,0xFF,0xFF, 
 160          0x00,0x00,0xFF,0xFF,0xFD,0xE0,0x00,0x00,0x00,0xC0,0x00,0x1F,0xFF,0x00,0x00,0x00, 
 161          0x00,0x00,0xFF,0xFF,0xFE,0x70,0x00,0x00,0x01,0xE0,0x00,0x3F,0xFF,0x80,0x00,0x00, 
 162          0xFF,0xC0,0xFF,0xFF,0xFF,0xB0,0x00,0x00,0x01,0xE0,0x00,0x7F,0xFF,0xC0,0x3F,0xFF, 
 163          0x00,0x00,0xFF,0xFF,0xFF,0xDC,0x00,0x00,0x03,0xF7,0x81,0xFF,0xFF,0xF0,0x00,0x00, 
 164          0x00,0x01,0xFF,0x80,0x7F,0xDC,0x00,0x00,0x0F,0xFF,0xC3,0xFF,0xFF,0xF8,0x00,0x00, 
 165          0xFF,0x01,0xFF,0x00,0x1F,0xEE,0x00,0x00,0x13,0xFF,0xF7,0xFF,0xFF,0xFC,0x07,0xFF, 
 166          0x00,0x01,0xFE,0x00,0x07,0xEF,0x00,0x00,0x1F,0xFF,0xFF,0xFF,0xFF,0xFF,0x00,0x00, 
 167          0x00,0x01,0xFC,0x00,0x03,0xF3,0x00,0x00,0x13,0xFF,0xBF,0xFF,0xFF,0xFF,0x80,0x00, 
 168          0xFF,0x01,0xFC,0x00,0x01,0xF3,0x80,0x00,0x1F,0xFF,0xBF,0xFF,0xFF,0xFF,0x83,0xFF, 
 169          0x00,0x01,0xF0,0x00,0x01,0xFD,0x80,0x00,0x0F,0xFF,0x7F,0xFF,0xFF,0xFF,0xC0,0x00, 
 170          0x00,0x03,0xF0,0x00,0x00,0x72,0xE0,0x00,0x03,0xFE,0xFF,0xFF,0xFF,0xFF,0xC0,0x00 
 171          
 172          };   
 173          
 174          
 175          
 176          unsigned char code BMP[]={ 
 177          //一幅图像 - 正向取模，字节正序 
C51 COMPILER V9.57.0.0   PICTURE                                                           03/13/2020 20:02:04 PAGE 4   

 178          /*--  宽度x高度=128x64  --*/ 
 179          0x00,0x00,0x00,0x00,0x00,0x00,0x00,0x00,0x00,0x00,0x00,0x00,0x00,0x00,0x00,0x00, 
 180          0x00,0x00,0x00,0x00,0x00,0x00,0x00,0x00,0x00,0x00,0x00,0x00,0x00,0x00,0x00,0x00, 
 181          0x00,0x00,0x00,0x00,0x00,0x00,0x00,0x00,0x00,0x00,0x00,0x00,0x00,0x00,0x00,0x00, 
 182          0x00,0x00,0x00,0x00,0x00,0x00,0x00,0x00,0x00,0x00,0x00,0x20,0x00,0x00,0x00,0x00, 
 183          0x00,0x00,0x00,0x00,0x00,0x00,0x00,0x00,0x04,0x00,0x00,0x20,0x00,0x00,0x00,0x00, 
 184          0x00,0x00,0x00,0x00,0x00,0x00,0x00,0x00,0x03,0x00,0x00,0x40,0x08,0x00,0x00,0x00, 
 185          0x00,0x00,0x00,0x00,0x00,0x00,0x00,0x00,0x00,0x80,0x00,0x40,0x08,0x00,0x00,0x00, 
 186          0x00,0x00,0x00,0x00,0x00,0x00,0x00,0x00,0x00,0x60,0x00,0x40,0x38,0x00,0x00,0x00, 
 187          0x00,0x00,0x00,0x00,0x00,0x00,0x00,0x00,0x00,0x10,0x00,0x00,0x60,0x00,0x06,0x00, 
 188          0x00,0x00,0x00,0x00,0x00,0x00,0x00,0x00,0x00,0x08,0x00,0x01,0x80,0x00,0x38,0x00, 
 189          0x00,0x00,0x00,0x00,0x00,0x00,0x00,0x00,0x00,0x06,0x03,0xC0,0x00,0x03,0xC0,0x00, 
 190          0x00,0x00,0x00,0x00,0x00,0x00,0x00,0x00,0x00,0x01,0x1C,0x38,0x00,0x1C,0x00,0x00, 
 191          0x00,0x00,0x00,0x00,0x00,0x00,0x00,0x00,0x00,0x00,0x20,0x04,0x00,0xE0,0x00,0x00, 
 192          0x00,0x00,0x00,0x00,0x00,0x00,0x00,0x00,0x00,0x00,0x40,0x02,0x03,0x00,0x00,0x00, 
 193          0x00,0x00,0x00,0x00,0x00,0x00,0x00,0x0E,0x00,0x00,0x80,0x01,0x00,0x00,0x00,0x00, 
 194          0x00,0x00,0x00,0x00,0x00,0x00,0x00,0x01,0xF0,0x01,0x00,0x00,0x80,0x00,0x00,0x00,
 195          /*****************************************************************************/ 
 196          0x00,0x00,0x00,0x00,0x00,0x00,0x00,0x00,0x0F,0x01,0x00,0x00,0x80,0x00,0x00,0x00, 
 197          0x00,0x00,0x00,0x00,0x00,0x00,0x00,0x00,0x00,0xE1,0x00,0x00,0x80,0x00,0x00,0x00, 
 198          0x00,0x00,0x0F,0x80,0x00,0x00,0x00,0x00,0x00,0x02,0x00,0x00,0x40,0x00,0x00,0x00, 
 199          0x00,0x00,0x18,0xC0,0x00,0x00,0x00,0x00,0x00,0x02,0x00,0x00,0x40,0x00,0x00,0x00, 
 200          0x00,0x00,0x10,0x40,0x00,0x00,0x00,0x00,0x00,0x02,0x00,0x00,0x41,0xC0,0x00,0x00, 
 201          0x00,0x00,0x30,0x60,0x3F,0xC0,0x00,0x00,0x00,0x02,0x00,0x00,0x40,0x3E,0x00,0x00, 
 202          0x00,0x00,0x20,0x23,0xC0,0x60,0x00,0x00,0x00,0x61,0x00,0x00,0x80,0x01,0xC0,0x00, 
 203          0x00,0x00,0x40,0x3C,0x00,0x18,0x00,0xC0,0x07,0xC1,0x00,0x00,0x80,0x00,0x00,0x00, 
 204          0x00,0x00,0x40,0x18,0x00,0x04,0x01,0xA0,0x1C,0x01,0x00,0x00,0x80,0x00,0x00,0x00, 
 205          0x00,0x00,0x40,0x08,0x00,0x06,0x02,0x1C,0x00,0x00,0x80,0x01,0x00,0x00,0x00,0x00, 
 206          0x00,0x00,0xC0,0x08,0x00,0x01,0x8C,0x03,0x80,0x00,0x40,0x02,0x00,0x00,0x00,0x00, 
 207          0x00,0x00,0x80,0x0C,0x00,0x00,0x58,0x00,0x60,0x06,0x20,0x04,0x20,0x00,0x00,0x00, 
 208          0x00,0x01,0x00,0x04,0x00,0x00,0x20,0x00,0x10,0x1C,0x1C,0x38,0x18,0x00,0x00,0x00, 
 209          0x00,0x01,0x00,0x06,0x00,0x00,0x30,0x00,0x08,0x30,0x03,0xC0,0x07,0x00,0x00,0x00, 
 210          0x00,0x01,0x00,0x02,0x00,0x00,0x18,0x00,0x04,0x60,0x00,0x00,0x01,0x80,0x00,0x00, 
 211          0x00,0x02,0x00,0x00,0x00,0x00,0x0C,0x00,0x03,0x00,0x00,0x00,0x00,0x40,0x00,0x00,
 212          /*****************************************************************************/
 213          0x00,0x02,0x00,0x00,0x00,0x00,0x04,0x00,0x00,0x80,0x02,0x08,0x00,0x30,0x00,0x00, 
 214          0x00,0x04,0x00,0x00,0x00,0x00,0x00,0x00,0x00,0x60,0x02,0x08,0x00,0x18,0x00,0x00, 
 215          0x00,0x0C,0x00,0x00,0x7F,0xFC,0x00,0x00,0x00,0x20,0x02,0x04,0x00,0x00,0x00,0x00, 
 216          0x00,0x0C,0x00,0x00,0x00,0x02,0x00,0x00,0x00,0x18,0x02,0x04,0x00,0x00,0x00,0x00, 
 217          0x00,0x18,0x00,0x00,0x00,0x02,0x00,0x00,0x00,0x07,0xF2,0x02,0x00,0x00,0x00,0x00, 
 218          0x00,0x30,0x00,0x00,0x0F,0xFC,0x00,0x00,0x00,0x00,0x02,0x02,0x00,0x00,0x00,0x00, 
 219          0x00,0x60,0x00,0x00,0x10,0x00,0x00,0x00,0x00,0x00,0x00,0x01,0x00,0x00,0x00,0x00, 
 220          0x00,0x40,0x00,0x00,0x10,0x00,0x00,0x00,0x00,0x00,0x00,0x01,0x00,0x00,0x00,0x00, 
 221          0x01,0x80,0x00,0x00,0x0F,0xFF,0xFF,0xFF,0xFF,0xE0,0x00,0x00,0x80,0x00,0x00,0x00, 
 222          0x01,0x00,0x00,0x00,0x00,0x00,0x00,0x00,0x00,0x00,0x00,0x00,0x00,0x00,0x00,0x00, 
 223          0x00,0x00,0x00,0x00,0x00,0x00,0x00,0x00,0x00,0x00,0x00,0x00,0x00,0x00,0x00,0x00, 
 224          0x00,0x00,0x00,0x00,0x00,0x00,0x00,0x00,0x00,0x00,0x00,0x00,0x00,0x00,0x00,0x00, 
 225          0x00,0x00,0x00,0x00,0x00,0x00,0x00,0x00,0x00,0x00,0x00,0x00,0x00,0x00,0x00,0x00, 
 226          0x00,0x00,0x00,0x00,0x00,0x00,0x0F,0x1C,0x00,0x00,0x00,0x00,0x00,0x00,0xC0,0x00, 
 227          0x00,0x00,0x00,0x00,0x00,0x00,0x19,0x8C,0x00,0x00,0x00,0x00,0x00,0x00,0xC0,0x00, 
 228          0x00,0x00,0x00,0x00,0x00,0x00,0x30,0xCC,0x00,0x00,0x00,0x00,0x00,0x00,0xC0,0x00,
 229          
 230          /*
 231           "太",     "阳",    "出",      "来",    "喜",     "洋",     "洋",     "喽",*/
 232           0x01,0x00,0x00,0x00,0x01,0x00,0x01,0x00,0x01,0x00,0x22,0x10,0x22,0x10,0x00,0x48,
 233           0x01,0x00,0x7D,0xFC,0x01,0x00,0x01,0x00,0x7F,0xFC,0x11,0x10,0x11,0x10,0x02,0x4C,
 234           0x01,0x00,0x45,0x04,0x21,0x04,0x3F,0xFC,0x01,0x00,0x11,0x20,0x11,0x20,0xF1,0x50,
 235           0x01,0x00,0x49,0x04,0x21,0x04,0x01,0x00,0x3F,0xF8,0x07,0xFC,0x07,0xFC,0x97,0xFE,
 236           0x7F,0xFE,0x49,0x04,0x21,0x04,0x09,0x30,0x00,0x00,0x80,0x40,0x80,0x40,0x90,0xE0,
 237           0x01,0x00,0x51,0x04,0x21,0x04,0x05,0x20,0x1F,0xF0,0x50,0x40,0x50,0x40,0x91,0x50,
 238           0x01,0x00,0x49,0xFC,0x3F,0xFC,0x03,0x40,0x10,0x10,0x57,0xFC,0x57,0xFC,0x92,0x4E,
 239           0x01,0x00,0x45,0x04,0x21,0x04,0x7F,0xFE,0x1F,0xF0,0x10,0x40,0x10,0x40,0x9D,0x44,
C51 COMPILER V9.57.0.0   PICTURE                                                           03/13/2020 20:02:04 PAGE 5   

 240           0x02,0x80,0x45,0x04,0x01,0x00,0x01,0x80,0x04,0x40,0x20,0x40,0x20,0x40,0x91,0x00,
 241           0x02,0x40,0x45,0x04,0x21,0x04,0x03,0x40,0xFF,0xFE,0x2F,0xFE,0x2F,0xFE,0xF7,0xFC,
 242           0x04,0x20,0x69,0x04,0x21,0x04,0x05,0x20,0x00,0x00,0xE0,0x40,0xE0,0x40,0x92,0x10,
 243           0x05,0x10,0x51,0x04,0x21,0x04,0x09,0x18,0x1F,0xF0,0x20,0x40,0x20,0x40,0x83,0x20,
 244           0x08,0x98,0x41,0xFC,0x21,0x04,0x31,0x0E,0x10,0x10,0x20,0x40,0x20,0x40,0x00,0xE0,
 245           0x10,0xCC,0x41,0x04,0x3F,0xFC,0xC1,0x04,0x10,0x10,0x20,0x40,0x20,0x40,0x01,0x18,
 246           0x20,0x86,0x40,0x00,0x01,0x00,0x01,0x00,0x1F,0xF0,0x20,0x40,0x20,0x40,0x02,0x0C,
 247           0x40,0x04,0x40,0x00,0x00,0x00,0x01,0x00,0x00,0x00,0x20,0x40,0x20,0x40,0x04,0x08
 248           }; 
 249          
 250          
 251          
 252          


MODULE INFORMATION:   STATIC OVERLAYABLE
   CODE SIZE        =   ----    ----
   CONSTANT SIZE    =   3164    ----
   XDATA SIZE       =   ----    ----
   PDATA SIZE       =   ----    ----
   DATA SIZE        =   ----    ----
   IDATA SIZE       =   ----    ----
   BIT SIZE         =   ----    ----
   EDATA SIZE       =   ----    ----
   HDATA SIZE       =   ----    ----
   XDATA CONST SIZE =   ----    ----
   FAR CONST SIZE   =   ----    ----
END OF MODULE INFORMATION.


C51 COMPILATION COMPLETE.  0 WARNING(S),  0 ERROR(S)
