C51 COMPILER V9.57.0.0   MAIN                                                              02/23/2020 13:37:47 PAGE 1   


C51 COMPILER V9.57.0.0, COMPILATION OF MODULE MAIN
OBJECT MODULE PLACED IN .\Objects\Main.obj
COMPILER INVOKED BY: C:\Program\Keil_v5\C51\BIN\C51.EXE ..\USER\Main.c OMF2 OPTIMIZE(8,SPEED) BROWSE INCDIR(..\..\Librar
                    -ies\Common;..\..\Libraries\Libraries;..\CODE;..\USER) DEBUG PRINT(.\Listings\Main.lst) OBJECT(.\Objects\Main.obj)

line level    source

   1          /*********************************************************************************
   2           * @File:     Main.c
   3           * @Author:   Mo
   4           * @Date         : 2020.02.21
   5           * @Describe: Main function in it 
   6           * 
   7          **********************************************************************************/     
   8          
   9          #include "Main.h"
  10          
  11          extern u8 KeyValue;     //Using to do save the key value. 
  12          
  13          extern uchar code IC_DAT[];
  14          extern uchar code IC_DAT2[];
  15          extern unsigned char code zk[];
  16          extern unsigned char code pic2[];
  17          extern unsigned char code BMP1[];
  18          extern unsigned char code BMP[];
  19          extern unsigned char code zk[];
  20          
  21          sbit k1=P3^1;    //定义P31口是k1
  22          sbit led=P2^0;   //定义P20口是led
  23          
  24          /*******************************************************************************
  25          *@brief         Main function
  26          *@param         null
  27          *@return        0
  28          *@since         v1.0
  29          *@SampleUsage:  mian
  30          *******************************************************************************/
  31          void main(void)
  32          {
  33   1              Sys_init_all(); //All initialization function
  34   1              Int0Init();  // Set external intertupt 0
  35   1              while(1)
  36   1              {
  37   2                      led = ~led;
  38   2              delay_ms(2);
  39   2              }
  40   1      
  41   1      }
  42          


MODULE INFORMATION:   STATIC OVERLAYABLE
   CODE SIZE        =     17    ----
   CONSTANT SIZE    =   ----    ----
   XDATA SIZE       =   ----    ----
   PDATA SIZE       =   ----    ----
   DATA SIZE        =   ----    ----
   IDATA SIZE       =   ----    ----
   BIT SIZE         =   ----    ----
   EDATA SIZE       =   ----    ----
   HDATA SIZE       =   ----    ----
C51 COMPILER V9.57.0.0   MAIN                                                              02/23/2020 13:37:47 PAGE 2   

   XDATA CONST SIZE =   ----    ----
   FAR CONST SIZE   =   ----    ----
END OF MODULE INFORMATION.


C51 COMPILATION COMPLETE.  0 WARNING(S),  0 ERROR(S)
