C51 COMPILER V9.57.0.0   COMMON                                                            02/21/2020 15:25:24 PAGE 1   


C51 COMPILER V9.57.0.0, COMPILATION OF MODULE COMMON
OBJECT MODULE PLACED IN .\Objects\common.obj
COMPILER INVOKED BY: C:\Program\Keil_v5\C51\BIN\C51.EXE ..\..\Libraries\Common\common.c OMF2 OPTIMIZE(8,SPEED) BROWSE IN
                    -CDIR(..\..\Libraries\Common;..\..\Libraries\Libraries;..\CODE;..\USER) DEBUG PRINT(.\Listings\common.lst) TABS(2) OBJECT
                    -(.\Objects\common.obj)

line level    source

   1          #include "common.h"
   2          
   3          
   4          
   5          
   6          
   7          /*******************************************************************************
   8          * 函 数 名         : delay
   9          * 函数功能       : 延时函数，i=1时，大约延时10us
  10          *******************************************************************************/
  11          void delay(u16 i)
  12          {
  13   1        while(i--); 
  14   1      }
  15          
  16          /*******************************************************************************
  17          * 函 数 名         : keypros
  18          * 函数功能       : 按键处理函数，判断按键K1是否按下
  19          *******************************************************************************/


MODULE INFORMATION:   STATIC OVERLAYABLE
   CODE SIZE        =     11    ----
   CONSTANT SIZE    =   ----    ----
   XDATA SIZE       =   ----    ----
   PDATA SIZE       =   ----    ----
   DATA SIZE        =   ----    ----
   IDATA SIZE       =   ----    ----
   BIT SIZE         =   ----    ----
   EDATA SIZE       =   ----    ----
   HDATA SIZE       =   ----    ----
   XDATA CONST SIZE =   ----    ----
   FAR CONST SIZE   =   ----    ----
END OF MODULE INFORMATION.


C51 COMPILATION COMPLETE.  0 WARNING(S),  0 ERROR(S)
