C51 COMPILER V9.57.0.0   DS1302                                                            02/21/2020 15:25:25 PAGE 1   


C51 COMPILER V9.57.0.0, COMPILATION OF MODULE DS1302
OBJECT MODULE PLACED IN .\Objects\ds1302.obj
COMPILER INVOKED BY: C:\Program\Keil_v5\C51\BIN\C51.EXE ..\..\Libraries\Libraries\ds1302.c OMF2 OPTIMIZE(8,SPEED) BROWSE
                    - INCDIR(..\..\Libraries\Common;..\..\Libraries\Libraries;..\CODE;..\USER) DEBUG PRINT(.\Listings\ds1302.lst) TABS(2) OBJ
                    -ECT(.\Objects\ds1302.obj)

line level    source

   1          #include "common.h"
   2          #include "ds1302.h"
   3          
   4          //---定义ds1302使用的IO口---//
   5          sbit DSIO=P3^4;
   6          sbit RST=P3^5;
   7          sbit SCLK=P3^6;
   8          
   9          //---DS1302写入和读取时分秒的地址命令---//
  10          //---秒分时日月周年 最低位读写位;-------//
  11          uchar code READ_RTC_ADDR[7] = {0x81, 0x83, 0x85, 0x87, 0x89, 0x8b, 0x8d}; 
  12          uchar code WRITE_RTC_ADDR[7] = {0x80, 0x82, 0x84, 0x86, 0x88, 0x8a, 0x8c};
  13          
  14          //---DS1302时钟初始化2013年1月1日星期二12点00分00秒。---//
  15          //---存储顺序是秒分时日月周年,存储格式是用BCD码---//
  16          uchar TIME[7] = {0, 0, 0x12, 0x01, 0x01, 0x02, 0x13};
  17          
  18          /*******************************************************************************
  19          * 函 数 名         : Ds1302Write
  20          * 函数功能       : 向DS1302命令（地址+数据）
  21          * 输    入         : addr,dat
  22          * 输    出         : 无
  23          *******************************************************************************/
  24          
  25          void Ds1302Write(uchar addr, uchar dat)
  26          {
  27   1        uchar n;
  28   1        RST = 0;
  29   1        _nop_();
  30   1      
  31   1        SCLK = 0;//先将SCLK置低电平。
  32   1        _nop_();
  33   1        RST = 1; //然后将RST(CE)置高电平。
  34   1        _nop_();
  35   1      
  36   1        for (n=0; n<8; n++)//开始传送八位地址命令
  37   1        {
  38   2          DSIO = addr & 0x01;//数据从低位开始传送
  39   2          addr >>= 1;
  40   2          SCLK = 1;//数据在上升沿时，DS1302读取数据
  41   2          _nop_();
  42   2          SCLK = 0;
  43   2          _nop_();
  44   2        }
  45   1        for (n=0; n<8; n++)//写入8位数据
  46   1        {
  47   2          DSIO = dat & 0x01;
  48   2          dat >>= 1;
  49   2          SCLK = 1;//数据在上升沿时，DS1302读取数据
  50   2          _nop_();
  51   2          SCLK = 0;
  52   2          _nop_();  
  53   2        } 
C51 COMPILER V9.57.0.0   DS1302                                                            02/21/2020 15:25:25 PAGE 2   

  54   1           
  55   1        RST = 0;//传送数据结束
  56   1        _nop_();
  57   1      }
  58          
  59          /*******************************************************************************
  60          * 函 数 名         : Ds1302Read
  61          * 函数功能       : 读取一个地址的数据
  62          * 输    入         : addr
  63          * 输    出         : dat
  64          *******************************************************************************/
  65          
  66          uchar Ds1302Read(uchar addr)
  67          {
  68   1        uchar n,dat,dat1;
  69   1        RST = 0;
  70   1        _nop_();
  71   1      
  72   1        SCLK = 0;//先将SCLK置低电平。
  73   1        _nop_();
  74   1        RST = 1;//然后将RST(CE)置高电平。
  75   1        _nop_();
  76   1      
  77   1        for(n=0; n<8; n++)//开始传送八位地址命令
  78   1        {
  79   2          DSIO = addr & 0x01;//数据从低位开始传送
  80   2          addr >>= 1;
  81   2          SCLK = 1;//数据在上升沿时，DS1302读取数据
  82   2          _nop_();
  83   2          SCLK = 0;//DS1302下降沿时，放置数据
  84   2          _nop_();
  85   2        }
  86   1        _nop_();
  87   1        for(n=0; n<8; n++)//读取8位数据
  88   1        {
  89   2          dat1 = DSIO;//从最低位开始接收
  90   2          dat = (dat>>1) | (dat1<<7);
  91   2          SCLK = 1;
  92   2          _nop_();
  93   2          SCLK = 0;//DS1302下降沿时，放置数据
  94   2          _nop_();
  95   2        }
  96   1      
  97   1        RST = 0;
  98   1        _nop_();  //以下为DS1302复位的稳定时间,必须的。
  99   1        SCLK = 1;
 100   1        _nop_();
 101   1        DSIO = 0;
 102   1        _nop_();
 103   1        DSIO = 1;
 104   1        _nop_();
 105   1        return dat; 
 106   1      }
 107          
 108          /*******************************************************************************
 109          * 函 数 名         : Ds1302Init
 110          * 函数功能       : 初始化DS1302.
 111          * 输    入         : 无
 112          * 输    出         : 无
 113          *******************************************************************************/
 114          
 115          void Ds1302Init()
C51 COMPILER V9.57.0.0   DS1302                                                            02/21/2020 15:25:25 PAGE 3   

 116          {
 117   1        uchar n;
 118   1        Ds1302Write(0x8E,0X00);    //禁止写保护，就是关闭写保护功能
 119   1        for (n=0; n<7; n++)//写入7个字节的时钟信号：分秒时日月周年
 120   1        {
 121   2          Ds1302Write(WRITE_RTC_ADDR[n],TIME[n]); 
 122   2        }
 123   1        Ds1302Write(0x8E,0x80);    //打开写保护功能
 124   1      }
 125          
 126          /*******************************************************************************
 127          * 函 数 名         : Ds1302ReadTime
 128          * 函数功能       : 读取时钟信息
 129          * 输    入         : 无
 130          * 输    出         : 无
 131          *******************************************************************************/
 132          
 133          void Ds1302ReadTime()
 134          {
 135   1        uchar n;
 136   1        for (n=0; n<7; n++)//读取7个字节的时钟信号：分秒时日月周年
 137   1        {
 138   2          TIME[n] = Ds1302Read(READ_RTC_ADDR[n]);
 139   2        }
 140   1          
 141   1      }
 142          
 143          


MODULE INFORMATION:   STATIC OVERLAYABLE
   CODE SIZE        =    184    ----
   CONSTANT SIZE    =     14    ----
   XDATA SIZE       =   ----    ----
   PDATA SIZE       =   ----    ----
   DATA SIZE        =      7    ----
   IDATA SIZE       =   ----    ----
   BIT SIZE         =   ----    ----
   EDATA SIZE       =   ----    ----
   HDATA SIZE       =   ----    ----
   XDATA CONST SIZE =   ----    ----
   FAR CONST SIZE   =   ----    ----
END OF MODULE INFORMATION.


C51 COMPILATION COMPLETE.  0 WARNING(S),  0 ERROR(S)
