C51 COMPILER V9.57.0.0   INFRARED                                                          02/21/2020 15:25:26 PAGE 1   


C51 COMPILER V9.57.0.0, COMPILATION OF MODULE INFRARED
OBJECT MODULE PLACED IN .\Objects\Infrared.obj
COMPILER INVOKED BY: C:\Program\Keil_v5\C51\BIN\C51.EXE ..\..\Libraries\Libraries\Infrared.c OMF2 OPTIMIZE(8,SPEED) BROW
                    -SE INCDIR(..\..\Libraries\Common;..\..\Libraries\Libraries;..\CODE;..\USER) DEBUG PRINT(.\Listings\Infrared.lst) TABS(2)
                    - OBJECT(.\Objects\Infrared.obj)

line level    source

   1          #include <common.h>
   2          #include <delay.h>
   3          #include "Infrared.h"
   4          
   5          
   6          //---定义使用的IO口---//
   7          sbit DOUT = P3^7;   //输出
   8          sbit CLK  = P3^6;   //时钟
   9          sbit DIN  = P3^4;   //输入
  10          sbit CS   = P3^5;   //片选
  11          
  12          sbit IRIN=P3^2;
  13          
  14          u8 IrValue[6];
  15          extern u8 Time;
  16           u8 DisplayData[8];
  17          extern u8 code smgduan[];
  18          
  19          
  20          
  21          /*******************************************************************************
  22          * 函数名         :DigDisplay()
  23          * 函数功能     :数码管显示函数
  24          * 输入           : 无
  25          * 输出           : 无
  26          *******************************************************************************/
  27          //void DigDisplay_1()
  28          //{
  29          //  u8 i;
  30          //  for(i=0;i<3;i++)
  31          //  {
  32          //    switch(i)  //位选，选择点亮的数码管，
  33          //    {
  34          //      case(0):
  35          //        LSA=0;LSB=0;LSC=0; break;//显示第0位
  36          //      case(1):
  37          //        LSA=1;LSB=0;LSC=0; break;//显示第1位
  38          //      case(2):
  39          //        LSA=0;LSB=1;LSC=0; break;//显示第2位  
  40          //    }
  41          //    P0=DisplayData[2-i];//发送数据
  42          //    delay(100); //间隔一段时间扫描  
  43          //    P0=0x00;//消隐
  44          //  }   
  45          //}
  46          
  47          
  48          /*******************************************************************************
  49          * 函数名         : IrInit()
  50          * 函数功能       : 初始化红外线接收
  51          * 输入           : 无
  52          * 输出           : 无
  53          *******************************************************************************/
C51 COMPILER V9.57.0.0   INFRARED                                                          02/21/2020 15:25:26 PAGE 2   

  54          
  55          void IrInit()
  56          {
  57   1        IT0=1;//下降沿触发
  58   1        EX0=1;//打开中断0允许
  59   1        EA=1; //打开总中断
  60   1      
  61   1        IRIN=1;//初始化端口
  62   1      }
  63          
  64          
  65          /*******************************************************************************
  66          * 函 数 名       : main
  67          * 函数功能     : 主函数
  68          * 输    入       : 无
  69          * 输    出       : 无
  70          *******************************************************************************/
  71          void  IrInit_1()
  72          { 
  73   1        IrInit();
  74   1        while(1)
  75   1        { 
  76   2          DisplayData[0] = smgduan[IrValue[2]/16];
  77   2          DisplayData[1] = smgduan[IrValue[2]%16];
  78   2          DisplayData[2] = smgduan[16];
  79   2      //      DigDisplay();   
  80   2        }   
  81   1      }
  82          
  83          /*******************************************************************************
  84          * 函数名         : ReadIr()
  85          * 函数功能       : 读取红外数值的中断函数
  86          * 输入           : 无
  87          * 输出           : 无
  88          *******************************************************************************/
  89          
  90          void ReadIr()
  91          {
  92   1        u8 j,k;
  93   1        u16 err;
  94   1        Time=0;          
  95   1        delay(700); //7ms
  96   1        if(IRIN==0)   //确认是否真的接收到正确的信号
  97   1        {  
  98   2          
  99   2          err=1000;       //1000*10us=10ms,超过说明接收到错误的信号
 100   2          /*当两个条件都为真是循环，如果有一个条件为假的时候跳出循环，免得程序出错的时
 101   2          侯，程序死在这里*/  
 102   2          while((IRIN==0)&&(err>0)) //等待前面9ms的低电平过去     
 103   2          {     
 104   3            delay(1);
 105   3            err--;
 106   3          } 
 107   2          if(IRIN==1)     //如果正确等到9ms低电平
 108   2          {
 109   3            err=500;
 110   3            while((IRIN==1)&&(err>0))    //等待4.5ms的起始高电平过去
 111   3            {
 112   4              delay(1);
 113   4              err--;
 114   4            }
 115   3            for(k=0;k<4;k++)    //共有4组数据
C51 COMPILER V9.57.0.0   INFRARED                                                          02/21/2020 15:25:26 PAGE 3   

 116   3            {       
 117   4              for(j=0;j<8;j++)  //接收一组数据
 118   4              {
 119   5      
 120   5                err=60;   
 121   5                while((IRIN==0)&&(err>0))//等待信号前面的560us低电平过去
 122   5                {
 123   6                  delay(1);
 124   6                  err--;
 125   6                }
 126   5                err=500;
 127   5                while((IRIN==1)&&(err>0))  //计算高电平的时间长度。
 128   5                {
 129   6                  delay(10);   //0.1ms
 130   6                  Time++;
 131   6                  err--;
 132   6                  if(Time>30)
 133   6                  {
 134   7                    return;
 135   7                  }
 136   6                }
 137   5                IrValue[k]>>=1;  //k表示第几组数据
 138   5                if(Time>=8)     //如果高电平出现大于565us，那么是1
 139   5                {
 140   6                  IrValue[k]|=0x80;
 141   6                }
 142   5                Time=0;   //用完时间要重新赋值              
 143   5              }
 144   4            }
 145   3          }
 146   2          if(IrValue[2]!=~IrValue[3])
 147   2          {
 148   3            return;
 149   3          }
 150   2        }     
 151   1      }
 152          


MODULE INFORMATION:   STATIC OVERLAYABLE
   CODE SIZE        =    277    ----
   CONSTANT SIZE    =   ----    ----
   XDATA SIZE       =   ----    ----
   PDATA SIZE       =   ----    ----
   DATA SIZE        =     14       4
   IDATA SIZE       =   ----    ----
   BIT SIZE         =   ----    ----
   EDATA SIZE       =   ----    ----
   HDATA SIZE       =   ----    ----
   XDATA CONST SIZE =   ----    ----
   FAR CONST SIZE   =   ----    ----
END OF MODULE INFORMATION.


C51 COMPILATION COMPLETE.  0 WARNING(S),  0 ERROR(S)
