C51 COMPILER V9.57.0.0   SYS_INIT                                                          02/21/2020 15:25:25 PAGE 1   


C51 COMPILER V9.57.0.0, COMPILATION OF MODULE SYS_INIT
OBJECT MODULE PLACED IN .\Objects\Sys_Init.obj
COMPILER INVOKED BY: C:\Program\Keil_v5\C51\BIN\C51.EXE ..\..\Libraries\Common\Sys_Init.c OMF2 OPTIMIZE(8,SPEED) BROWSE 
                    -INCDIR(..\..\Libraries\Common;..\..\Libraries\Libraries;..\CODE;..\USER) DEBUG PRINT(.\Listings\Sys_Init.lst) TABS(2) OB
                    -JECT(.\Objects\Sys_Init.obj)

line level    source

   1          #include "common.h"
   2          
   3          #include "lcd12864.h"
   4          #include "isr.h"
   5          #include "Sys_Init.h"
   6          
   7          void Sys_init_all()
   8          {
   9   1      //  lcd_init();
  10   1        UsartInit();
  11   1      //  Int0Init();
  12   1      //  Timer0Init();
  13   1      //  Int1Init();
  14   1      //  Timer1Init();
  15   1      }


MODULE INFORMATION:   STATIC OVERLAYABLE
   CODE SIZE        =      3    ----
   CONSTANT SIZE    =   ----    ----
   XDATA SIZE       =   ----    ----
   PDATA SIZE       =   ----    ----
   DATA SIZE        =   ----    ----
   IDATA SIZE       =   ----    ----
   BIT SIZE         =   ----    ----
   EDATA SIZE       =   ----    ----
   HDATA SIZE       =   ----    ----
   XDATA CONST SIZE =   ----    ----
   FAR CONST SIZE   =   ----    ----
END OF MODULE INFORMATION.


C51 COMPILATION COMPLETE.  0 WARNING(S),  0 ERROR(S)
