C51 COMPILER V9.57.0.0   VARIABLE                                                          02/21/2020 15:25:25 PAGE 1   


C51 COMPILER V9.57.0.0, COMPILATION OF MODULE VARIABLE
OBJECT MODULE PLACED IN .\Objects\variable.obj
COMPILER INVOKED BY: C:\Program\Keil_v5\C51\BIN\C51.EXE ..\..\Libraries\Common\variable.c OMF2 OPTIMIZE(8,SPEED) BROWSE 
                    -INCDIR(..\..\Libraries\Common;..\..\Libraries\Libraries;..\CODE;..\USER) DEBUG PRINT(.\Listings\variable.lst) TABS(2) OB
                    -JECT(.\Objects\variable.obj)

line level    source

   1          #include "common.h"
   2          #include "variable.h"
   3          
   4          
   5          
   6          u8 KeyValue;  //用来存放读取到的键值
   7          u8 code smgduan[17]={0x3f,0x06,0x5b,0x4f,0x66,0x6d,0x7d,0x07,
   8                    0x7f,0x6f,0x77,0x7c,0x39,0x5e,0x79,0x71};//显示0~F的值


MODULE INFORMATION:   STATIC OVERLAYABLE
   CODE SIZE        =   ----    ----
   CONSTANT SIZE    =     17    ----
   XDATA SIZE       =   ----    ----
   PDATA SIZE       =   ----    ----
   DATA SIZE        =      1    ----
   IDATA SIZE       =   ----    ----
   BIT SIZE         =   ----    ----
   EDATA SIZE       =   ----    ----
   HDATA SIZE       =   ----    ----
   XDATA CONST SIZE =   ----    ----
   FAR CONST SIZE   =   ----    ----
END OF MODULE INFORMATION.


C51 COMPILATION COMPLETE.  0 WARNING(S),  0 ERROR(S)
