C51 COMPILER V9.57.0.0   MAIN                                                              03/06/2020 21:43:38 PAGE 1   


C51 COMPILER V9.57.0.0, COMPILATION OF MODULE MAIN
OBJECT MODULE PLACED IN .\Objects\Main.obj
COMPILER INVOKED BY: C:\Program\Keil_v5\C51\BIN\C51.EXE ..\USER\Main.c OMF2 OPTIMIZE(8,SPEED) BROWSE INCDIR(..\..\Librar
                    -ies\Common;..\..\Libraries\Libraries;..\CODE;..\USER) DEBUG PRINT(.\Listings\Main.lst) OBJECT(.\Objects\Main.obj)

line level    source

   1          /*********************************************************************************
   2           * @File:     Main.c
   3           * @Author:   Mo
   4           * @Date         : 2020.02.21
   5           * @Describe: Main function in it 
   6           * 
   7          **********************************************************************************/     
   8          
   9          #include "Main.h"
  10          
  11          extern u8 KeyValue;     //Using to do save the key value. 
  12          
  13          extern uchar code IC_DAT[];
  14          extern uchar code IC_DAT2[];
  15          extern unsigned char code zk[];
  16          extern unsigned char code pic2[];
  17          extern unsigned char code BMP1[];
  18          extern unsigned char code BMP[];
  19          extern unsigned char code zk[];
  20          
  21          sbit k1=P3^1;    //定义P31口是k1
  22          sbit led=P2^0;   //定义P20口是led
  23          
  24          /*******************************************************************************
  25          *@brief         Init function
  26          *@param         null
  27          *@return        0
  28          *@since         v1.0
  29          *@SampleUsage:  SysInit();
  30          *******************************************************************************/
  31          
  32          void SysInit ()
  33          {
  34   1          Lcd1602_Init();
  35   1          Int0Init();  //     Set external intertupt 0
  36   1      //      UsartInit();
  37   1      //      Int0Init();
  38   1      //      Timer0Init();
  39   1      //      Int1Init();
  40   1      //      Timer1Init();
  41   1      }
  42          
  43          //*********************************************
  44          
  45          void main(void)
  46          {
  47   1              SysInit(); //All initialization function
  48   1          
  49   1      
  50   1              while(1)
  51   1              {
  52   2                      led = ~led;
  53   2              delay_ms(2);
  54   2              }
C51 COMPILER V9.57.0.0   MAIN                                                              03/06/2020 21:43:38 PAGE 2   

  55   1      
  56   1      }
  57          


MODULE INFORMATION:   STATIC OVERLAYABLE
   CODE SIZE        =     20    ----
   CONSTANT SIZE    =   ----    ----
   XDATA SIZE       =   ----    ----
   PDATA SIZE       =   ----    ----
   DATA SIZE        =   ----    ----
   IDATA SIZE       =   ----    ----
   BIT SIZE         =   ----    ----
   EDATA SIZE       =   ----    ----
   HDATA SIZE       =   ----    ----
   XDATA CONST SIZE =   ----    ----
   FAR CONST SIZE   =   ----    ----
END OF MODULE INFORMATION.


C51 COMPILATION COMPLETE.  0 WARNING(S),  0 ERROR(S)
