C51 COMPILER V9.57.0.0   PWM                                                               03/06/2020 21:43:37 PAGE 1   


C51 COMPILER V9.57.0.0, COMPILATION OF MODULE PWM
OBJECT MODULE PLACED IN .\Objects\pwm.obj
COMPILER INVOKED BY: C:\Program\Keil_v5\C51\BIN\C51.EXE ..\..\Libraries\Libraries\pwm.c OMF2 OPTIMIZE(8,SPEED) BROWSE IN
                    -CDIR(..\..\Libraries\Common;..\..\Libraries\Libraries;..\CODE;..\USER) DEBUG PRINT(.\Listings\pwm.lst) OBJECT(.\Objects\
                    -pwm.obj)

line level    source

   1          #include "common.h"
   2          #include "pwm.h"
   3          
   4          //--定义使用的IO口--//
   5          sbit PWM = P2^1;
   6          bit DIR;
   7          
   8          //--定义一个全局变量--// 
   9          u16 count,value,timer1;
  10          
  11          /*******************************************************************************
  12          * 函 数 名         : Timer1Init
  13          * 函数功能                 : 定时器1初始化
  14          * 输    入         : 无
  15          * 输    出         : 无
  16          *******************************************************************************/
  17          //void Timer1Init()
  18          //{
  19          //      TMOD|=0X10;//选择为定时器1模式，工作方式1，仅用TR1打开启动。
  20          
  21          //      TH1 = 0xFF; 
  22          //      TL1 = 0xff;   //1us
  23          //              
  24          //      ET1=1;//打开定时器1中断允许
  25          //      EA=1;//打开总中断
  26          //      TR1=1;//打开定时器                      
  27          //}
  28          
  29          
  30          /*******************************************************************************
  31          * 函 数 名       : main
  32          * 函数功能               : 主函数
  33          * 输    入       : 无
  34          * 输    出       : 无
  35          *******************************************************************************/
  36          void PWM_OUT()
  37          {       
  38   1      //      Timer1Init();  //定时器1初始化
  39   1              while(1)
  40   1              {
  41   2                      if(count>100)                                                   
  42   2                      {  
  43   3                              count=0;
  44   3                              if(DIR==1)                                         //DIR控制增加或减小
  45   3                              {
  46   4                                value++;
  47   4                              }                       
  48   3                              if(DIR==0)
  49   3                              {
  50   4                                value--;
  51   4                              }
  52   3                                      
  53   3                      }
C51 COMPILER V9.57.0.0   PWM                                                               03/06/2020 21:43:37 PAGE 2   

  54   2      
  55   2                      if(value==1000)
  56   2                      {
  57   3                        DIR=0;
  58   3                      }
  59   2                      if(value==0)
  60   2                      {
  61   3                        DIR=1;
  62   3                      }       
  63   2                                      
  64   2                      if(timer1>1000)  //PWM周期为1000*1us
  65   2                      {
  66   3                              timer1=0;
  67   3                      }
  68   2                      if(timer1 <value)       
  69   2                      {
  70   3                              PWM=1;
  71   3                      }
  72   2                      else
  73   2                      {
  74   3                              PWM=0;
  75   3                      }               
  76   2              }               
  77   1      }
  78          
  79          ///*******************************************************************************
  80          //* 函 数 名       : Time1
  81          //* 函数功能             : 定时器1的中断函数
  82          //* 输    入       : 无
  83          //* 输    出       : 无
  84          //*******************************************************************************/
  85          
  86          //void Time1(void) interrupt 3    //3 为定时器1的中断号  1 定时器0的中断号 0 外部中断1 2 外部中断2  4 串口
             -中断
  87          //{
  88          //      TH1 = 0xFF; 
  89          //      TL1 = 0xff;   //1us
  90          //      timer1++; 
  91          //    count++;
  92          //      
  93          //}
  94          


MODULE INFORMATION:   STATIC OVERLAYABLE
   CODE SIZE        =     93    ----
   CONSTANT SIZE    =   ----    ----
   XDATA SIZE       =   ----    ----
   PDATA SIZE       =   ----    ----
   DATA SIZE        =      6    ----
   IDATA SIZE       =   ----    ----
   BIT SIZE         =      1    ----
   EDATA SIZE       =   ----    ----
   HDATA SIZE       =   ----    ----
   XDATA CONST SIZE =   ----    ----
   FAR CONST SIZE   =   ----    ----
END OF MODULE INFORMATION.


C51 COMPILATION COMPLETE.  0 WARNING(S),  0 ERROR(S)
