C51 COMPILER V9.57.0.0   INFRARED                                                          03/13/2020 13:29:26 PAGE 1   


C51 COMPILER V9.57.0.0, COMPILATION OF MODULE INFRARED
OBJECT MODULE PLACED IN .\Objects\Infrared.obj
COMPILER INVOKED BY: C:\Program\Keil_v5\C51\BIN\C51.EXE ..\..\Libraries\Libraries\Infrared.c OMF2 OPTIMIZE(8,SPEED) BROW
                    -SE INCDIR(..\..\Libraries\Common;..\..\Libraries\Libraries;..\CODE;..\USER) DEBUG PRINT(.\Listings\Infrared.lst) OBJECT(
                    -.\Objects\Infrared.obj)

line level    source

   1          /*********************************************************************************
   2           * @File:     Infrared.c
   3           * @Author:   Mo
   4           * @Date         : 2020.02.21
   5           * @Describe: About Infrared function 
   6           * 
   7          **********************************************************************************/     
   8          #include <common.h>
   9          #include <delay.h>
  10          #include "Infrared.h"
  11          
  12          
  13          //---定义使用的IO口---//
  14          sbit DOUT = P3^7;         //输出
  15          sbit CLK  = P3^6;         //时钟
  16          sbit DIN  = P3^4;         //输入
  17          sbit CS   = P3^5;         //片选
  18          
  19          sbit IRIN=P3^2;
  20          
  21          
  22          extern u8 Time;
  23           u8 DisplayData[8];
  24          extern u8 code smgduan[];
  25           u8 IrValue[6];
  26          
  27          
  28          
  29          
  30          /*******************************************************************************
  31          * 函数名         : IrInit()
  32          * 函数功能                 : 初始化红外线接收
  33          * 输入           : 无
  34          * 输出           : 无
  35          *******************************************************************************/
  36          /*******************************************************************************
  37          //  @name           IrIntt()
  38          //  @brief          Using to Init Infrared
  39          //  @param          null
  40          //  @return         null
  41          //  @since          v1.0
  42          //  @SampleUsage:   IrInit();
  43          *******************************************************************************/
  44          void IrInit()
  45          {
  46   1              IT0=1;//下降沿触发
  47   1              EX0=1;//打开中断0允许
  48   1              EA=1;   //打开总中断
  49   1              IRIN=1;//初始化端口
  50   1      }
  51          
  52          
  53          /*******************************************************************************
C51 COMPILER V9.57.0.0   INFRARED                                                          03/13/2020 13:29:26 PAGE 2   

  54          * 函 数 名       : main
  55          * 函数功能               : 主函数
  56          * 输    入       : 无
  57          * 输    出       : 无
  58          *******************************************************************************/
  59          void    IrInit_1()
  60          {       
  61   1              IrInit();
  62   1              while(1)
  63   1              {       
  64   2                      DisplayData[0] = smgduan[IrValue[2]/16];
  65   2                      DisplayData[1] = smgduan[IrValue[2]%16];
  66   2                      DisplayData[2] = smgduan[16];
  67   2      //          DigDisplay();               
  68   2              }               
  69   1      }
  70          
  71          /*******************************************************************************
  72          * 函数名         : ReadIr()
  73          * 函数功能                 : 读取红外数值的中断函数
  74          * 输入           : 无
  75          * 输出           : 无
  76          *******************************************************************************/
  77          
  78          void ReadIr()
  79          {
  80   1              u8 j,k;
  81   1              u16 err;
  82   1              Time=0;                                  
  83   1              delay(700);     //7ms
  84   1              if(IRIN==0)             //确认是否真的接收到正确的信号
  85   1              {        
  86   2                      
  87   2                      err=1000;                               //1000*10us=10ms,超过说明接收到错误的信号
  88   2                      /*当两个条件都为真是循环，如果有一个条件为假的时候跳出循环，免得程序出错的时
  89   2                      侯，程序死在这里*/      
  90   2                      while((IRIN==0)&&(err>0))       //等待前面9ms的低电平过去               
  91   2                      {                       
  92   3                              delay(1);
  93   3                              err--;
  94   3                      } 
  95   2                      if(IRIN==1)                     //如果正确等到9ms低电平
  96   2                      {
  97   3                              err=500;
  98   3                              while((IRIN==1)&&(err>0))                //等待4.5ms的起始高电平过去
  99   3                              {
 100   4                                      delay(1);
 101   4                                      err--;
 102   4                              }
 103   3                              for(k=0;k<4;k++)                //共有4组数据
 104   3                              {                               
 105   4                                      for(j=0;j<8;j++)        //接收一组数据
 106   4                                      {
 107   5      
 108   5                                              err=60;         
 109   5                                              while((IRIN==0)&&(err>0))//等待信号前面的560us低电平过去
 110   5                                              {
 111   6                                                      delay(1);
 112   6                                                      err--;
 113   6                                              }
 114   5                                              err=500;
 115   5                                              while((IRIN==1)&&(err>0))        //计算高电平的时间长度。
C51 COMPILER V9.57.0.0   INFRARED                                                          03/13/2020 13:29:26 PAGE 3   

 116   5                                              {
 117   6                                                      delay(10);       //0.1ms
 118   6                                                      Time++;
 119   6                                                      err--;
 120   6                                                      if(Time>30)
 121   6                                                      {
 122   7                                                              return;
 123   7                                                      }
 124   6                                              }
 125   5                                              IrValue[k]>>=1;  //k表示第几组数据
 126   5                                              if(Time>=8)                     //如果高电平出现大于565us，那么是1
 127   5                                              {
 128   6                                                      IrValue[k]|=0x80;
 129   6                                              }
 130   5                                              Time=0;         //用完时间要重新赋值                                                    
 131   5                                      }
 132   4                              }
 133   3                      }
 134   2                      if(IrValue[2]!=~IrValue[3])
 135   2                      {
 136   3                              return;
 137   3                      }
 138   2              }                       
 139   1      }
 140          


MODULE INFORMATION:   STATIC OVERLAYABLE
   CODE SIZE        =    277    ----
   CONSTANT SIZE    =   ----    ----
   XDATA SIZE       =   ----    ----
   PDATA SIZE       =   ----    ----
   DATA SIZE        =     14       4
   IDATA SIZE       =   ----    ----
   BIT SIZE         =   ----    ----
   EDATA SIZE       =   ----    ----
   HDATA SIZE       =   ----    ----
   XDATA CONST SIZE =   ----    ----
   FAR CONST SIZE   =   ----    ----
END OF MODULE INFORMATION.


C51 COMPILATION COMPLETE.  0 WARNING(S),  0 ERROR(S)
