C51 COMPILER V9.57.0.0   XPT2046                                                           03/13/2020 13:29:28 PAGE 1   


C51 COMPILER V9.57.0.0, COMPILATION OF MODULE XPT2046
OBJECT MODULE PLACED IN .\Objects\XPT2046.obj
COMPILER INVOKED BY: C:\Program\Keil_v5\C51\BIN\C51.EXE ..\..\Libraries\Libraries\XPT2046.c OMF2 OPTIMIZE(8,SPEED) BROWS
                    -E INCDIR(..\..\Libraries\Common;..\..\Libraries\Libraries;..\CODE;..\USER) DEBUG PRINT(.\Listings\XPT2046.lst) OBJECT(.\
                    -Objects\XPT2046.obj)

line level    source

   1          #include "common.h"
   2          #include "XPT2046.h"
   3          
   4          //---定义使用的IO口---//
   5          sbit DOUT = P3^7;         //输出
   6          sbit CLK  = P3^6;         //时钟
   7          sbit DIN  = P3^4;         //输入
   8          sbit CS   = P3^5;         //片选
   9          
  10          /****************************************************************************
  11          *函数名：SPI_Write
  12          *输  入：dat：写入数据
  13          *输  出：无
  14          *功  能：使用SPI写入数据
  15          ****************************************************************************/
  16          
  17          void SPI_Write(uchar dat)
  18          {
  19   1              uchar i;
  20   1              CLK = 0;
  21   1              for(i=0; i<8; i++)
  22   1              {
  23   2                      DIN = dat >> 7;         //放置最高位
  24   2                      dat <<= 1;
  25   2                      CLK = 0;                        //上升沿放置数据
  26   2      
  27   2                      CLK = 1;
  28   2      
  29   2              }
  30   1      }
  31          /****************************************************************************
  32          *函数名：SPI_Read_uint
  33          *输  入：无
  34          *输  出：dat：读取 到的数据
  35          *功  能：使用SPI读取数据
  36          ****************************************************************************/
  37          
  38          uint SPI_Read_uint(void)
  39          {
  40   1              uint i, dat=0;
  41   1              CLK = 0;
  42   1              for(i=0; i<12; i++)             //接收12位数据
  43   1              {
  44   2                      dat <<= 1;
  45   2      
  46   2                      CLK = 1;
  47   2                      CLK = 0;
  48   2      
  49   2                      dat |= DOUT;
  50   2      
  51   2              }
  52   1              return dat;     
  53   1      }
C51 COMPILER V9.57.0.0   XPT2046                                                           03/13/2020 13:29:28 PAGE 2   

  54          
  55          /****************************************************************************
  56          *函数名：Read_AD_Data
  57          *输  入：cmd：读取的X或者Y
  58          *输  出：endValue：最终信号处理后返回的值
  59          *功  能：读取触摸数据
  60          ****************************************************************************/
  61          uint Read_AD_Data(uchar cmd)
  62          {
  63   1              uchar i;
  64   1              uint AD_Value;
  65   1              CLK = 0;
  66   1              CS  = 0;
  67   1              SPI_Write(cmd);
  68   1              for(i=6; i>0; i--);     //延时等待转换结果
  69   1              CLK = 1;          //发送一个时钟周期，清除BUSY
  70   1              _nop_();
  71   1              _nop_();
  72   1              CLK = 0;
  73   1              _nop_();
  74   1              _nop_();
  75   1              AD_Value=SPI_Read_uint();
  76   1              CS = 1;
  77   1              return AD_Value;        
  78   1      }


MODULE INFORMATION:   STATIC OVERLAYABLE
   CODE SIZE        =     89    ----
   CONSTANT SIZE    =   ----    ----
   XDATA SIZE       =   ----    ----
   PDATA SIZE       =   ----    ----
   DATA SIZE        =   ----    ----
   IDATA SIZE       =   ----    ----
   BIT SIZE         =   ----    ----
   EDATA SIZE       =   ----    ----
   HDATA SIZE       =   ----    ----
   XDATA CONST SIZE =   ----    ----
   FAR CONST SIZE   =   ----    ----
END OF MODULE INFORMATION.


C51 COMPILATION COMPLETE.  0 WARNING(S),  0 ERROR(S)
