C51 COMPILER V9.57.0.0   SYS_INIT                                                          02/25/2020 20:34:16 PAGE 1   


C51 COMPILER V9.57.0.0, COMPILATION OF MODULE SYS_INIT
OBJECT MODULE PLACED IN .\Objects\Sys_Init.obj
COMPILER INVOKED BY: C:\Program\Keil_v5\C51\BIN\C51.EXE ..\..\Libraries\Common\Sys_Init.c OMF2 OPTIMIZE(8,SPEED) BROWSE 
                    -INCDIR(..\..\Libraries\Common;..\..\Libraries\Libraries;..\CODE;..\USER) DEBUG PRINT(.\Listings\Sys_Init.lst) OBJECT(.\O
                    -bjects\Sys_Init.obj)

line level    source

   1          /*********************************************************************************
   2           * @File:     Sys_Init.c
   3           * @Author:   Mo
   4           * @Date         : 2020.02.21
   5           * @Describe: Using to init model
   6           * 
   7          **********************************************************************************/     
   8          
   9          #include "common.h"
  10          
  11          #include "lcd12864.h"
  12          #include "isr.h"
  13          #include "Sys_Init.h"
  14          
  15          void Sys_init_all()
  16          {
  17   1      //      lcd_init();
  18   1              UsartInit();
  19   1      //      Int0Init();
  20   1      //      Timer0Init();
  21   1      //      Int1Init();
  22   1      //      Timer1Init();
  23   1      }


MODULE INFORMATION:   STATIC OVERLAYABLE
   CODE SIZE        =      3    ----
   CONSTANT SIZE    =   ----    ----
   XDATA SIZE       =   ----    ----
   PDATA SIZE       =   ----    ----
   DATA SIZE        =   ----    ----
   IDATA SIZE       =   ----    ----
   BIT SIZE         =   ----    ----
   EDATA SIZE       =   ----    ----
   HDATA SIZE       =   ----    ----
   XDATA CONST SIZE =   ----    ----
   FAR CONST SIZE   =   ----    ----
END OF MODULE INFORMATION.


C51 COMPILATION COMPLETE.  0 WARNING(S),  0 ERROR(S)
